<?xml version="1.0" encoding="UTF-8"?>
<testsuite xmlns:xsi="http://www.w3.org/2001/XMLSchema-instance" xsi:noNamespaceSchemaLocation="https://maven.apache.org/surefire/maven-surefire-plugin/xsd/surefire-test-report-3.0.xsd" version="3.0" name="com.example.telegrambot.TelegramBotApplicationTests" time="10.736" tests="1" errors="0" skipped="0" failures="0">
  <properties>
    <property name="java.specification.version" value="17"/>
    <property name="sun.cpu.isalist" value="amd64"/>
    <property name="sun.jnu.encoding" value="Cp1251"/>
    <property name="java.class.path" value="A:\java_lesson\джава про\лекція 15 (29.08)\TelegramBot\target\test-classes;A:\java_lesson\джава про\лекція 15 (29.08)\TelegramBot\target\classes;C:\Users\MSI\.m2\repository\org\telegram\telegrambots\6.4.0\telegrambots-6.4.0.jar;C:\Users\MSI\.m2\repository\org\telegram\telegrambots-meta\6.4.0\telegrambots-meta-6.4.0.jar;C:\Users\MSI\.m2\repository\com\google\guava\guava\31.1-jre\guava-31.1-jre.jar;C:\Users\MSI\.m2\repository\com\google\guava\failureaccess\1.0.1\failureaccess-1.0.1.jar;C:\Users\MSI\.m2\repository\com\google\guava\listenablefuture\9999.0-empty-to-avoid-conflict-with-guava\listenablefuture-9999.0-empty-to-avoid-conflict-with-guava.jar;C:\Users\MSI\.m2\repository\com\google\code\findbugs\jsr305\3.0.2\jsr305-3.0.2.jar;C:\Users\MSI\.m2\repository\org\checkerframework\checker-qual\3.12.0\checker-qual-3.12.0.jar;C:\Users\MSI\.m2\repository\com\google\errorprone\error_prone_annotations\2.11.0\error_prone_annotations-2.11.0.jar;C:\Users\MSI\.m2\repository\com\google\j2objc\j2objc-annotations\1.3\j2objc-annotations-1.3.jar;C:\Users\MSI\.m2\repository\com\fasterxml\jackson\core\jackson-annotations\2.15.2\jackson-annotations-2.15.2.jar;C:\Users\MSI\.m2\repository\com\fasterxml\jackson\jaxrs\jackson-jaxrs-json-provider\2.15.2\jackson-jaxrs-json-provider-2.15.2.jar;C:\Users\MSI\.m2\repository\com\fasterxml\jackson\jaxrs\jackson-jaxrs-base\2.15.2\jackson-jaxrs-base-2.15.2.jar;C:\Users\MSI\.m2\repository\com\fasterxml\jackson\module\jackson-module-jaxb-annotations\2.15.2\jackson-module-jaxb-annotations-2.15.2.jar;C:\Users\MSI\.m2\repository\com\fasterxml\jackson\core\jackson-core\2.15.2\jackson-core-2.15.2.jar;C:\Users\MSI\.m2\repository\com\fasterxml\jackson\core\jackson-databind\2.15.2\jackson-databind-2.15.2.jar;C:\Users\MSI\.m2\repository\org\glassfish\jersey\inject\jersey-hk2\3.1.3\jersey-hk2-3.1.3.jar;C:\Users\MSI\.m2\repository\org\glassfish\jersey\core\jersey-common\3.1.3\jersey-common-3.1.3.jar;C:\Users\MSI\.m2\repository\org\glassfish\hk2\osgi-resource-locator\1.0.3\osgi-resource-locator-1.0.3.jar;C:\Users\MSI\.m2\repository\org\glassfish\hk2\hk2-locator\3.0.4\hk2-locator-3.0.4.jar;C:\Users\MSI\.m2\repository\org\glassfish\hk2\external\aopalliance-repackaged\3.0.4\aopalliance-repackaged-3.0.4.jar;C:\Users\MSI\.m2\repository\org\glassfish\hk2\hk2-api\3.0.4\hk2-api-3.0.4.jar;C:\Users\MSI\.m2\repository\org\glassfish\hk2\hk2-utils\3.0.4\hk2-utils-3.0.4.jar;C:\Users\MSI\.m2\repository\org\javassist\javassist\3.29.2-GA\javassist-3.29.2-GA.jar;C:\Users\MSI\.m2\repository\org\glassfish\jersey\media\jersey-media-json-jackson\3.1.3\jersey-media-json-jackson-3.1.3.jar;C:\Users\MSI\.m2\repository\org\glassfish\jersey\ext\jersey-entity-filtering\3.1.3\jersey-entity-filtering-3.1.3.jar;C:\Users\MSI\.m2\repository\com\fasterxml\jackson\module\jackson-module-jakarta-xmlbind-annotations\2.15.2\jackson-module-jakarta-xmlbind-annotations-2.15.2.jar;C:\Users\MSI\.m2\repository\org\glassfish\jersey\containers\jersey-container-grizzly2-http\3.1.3\jersey-container-grizzly2-http-3.1.3.jar;C:\Users\MSI\.m2\repository\jakarta\inject\jakarta.inject-api\2.0.1\jakarta.inject-api-2.0.1.jar;C:\Users\MSI\.m2\repository\org\glassfish\grizzly\grizzly-http-server\4.0.0\grizzly-http-server-4.0.0.jar;C:\Users\MSI\.m2\repository\org\glassfish\grizzly\grizzly-http\4.0.0\grizzly-http-4.0.0.jar;C:\Users\MSI\.m2\repository\org\glassfish\grizzly\grizzly-framework\4.0.0\grizzly-framework-4.0.0.jar;C:\Users\MSI\.m2\repository\jakarta\ws\rs\jakarta.ws.rs-api\3.1.0\jakarta.ws.rs-api-3.1.0.jar;C:\Users\MSI\.m2\repository\org\glassfish\jersey\core\jersey-server\3.1.3\jersey-server-3.1.3.jar;C:\Users\MSI\.m2\repository\org\glassfish\jersey\core\jersey-client\3.1.3\jersey-client-3.1.3.jar;C:\Users\MSI\.m2\repository\jakarta\validation\jakarta.validation-api\3.0.2\jakarta.validation-api-3.0.2.jar;C:\Users\MSI\.m2\repository\org\apache\httpcomponents\httpclient\4.5.13\httpclient-4.5.13.jar;C:\Users\MSI\.m2\repository\org\apache\httpcomponents\httpcore\4.4.16\httpcore-4.4.16.jar;C:\Users\MSI\.m2\repository\commons-codec\commons-codec\1.15\commons-codec-1.15.jar;C:\Users\MSI\.m2\repository\org\apache\httpcomponents\httpmime\4.5.13\httpmime-4.5.13.jar;C:\Users\MSI\.m2\repository\commons-io\commons-io\2.11.0\commons-io-2.11.0.jar;C:\Users\MSI\.m2\repository\org\slf4j\slf4j-api\2.0.9\slf4j-api-2.0.9.jar;C:\Users\MSI\.m2\repository\org\springframework\boot\spring-boot-starter\3.1.4\spring-boot-starter-3.1.4.jar;C:\Users\MSI\.m2\repository\org\springframework\boot\spring-boot\3.1.4\spring-boot-3.1.4.jar;C:\Users\MSI\.m2\repository\org\springframework\spring-context\6.0.12\spring-context-6.0.12.jar;C:\Users\MSI\.m2\repository\org\springframework\spring-expression\6.0.12\spring-expression-6.0.12.jar;C:\Users\MSI\.m2\repository\org\springframework\boot\spring-boot-autoconfigure\3.1.4\spring-boot-autoconfigure-3.1.4.jar;C:\Users\MSI\.m2\repository\org\springframework\boot\spring-boot-starter-logging\3.1.4\spring-boot-starter-logging-3.1.4.jar;C:\Users\MSI\.m2\repository\ch\qos\logback\logback-classic\1.4.11\logback-classic-1.4.11.jar;C:\Users\MSI\.m2\repository\ch\qos\logback\logback-core\1.4.11\logback-core-1.4.11.jar;C:\Users\MSI\.m2\repository\org\apache\logging\log4j\log4j-to-slf4j\2.20.0\log4j-to-slf4j-2.20.0.jar;C:\Users\MSI\.m2\repository\org\apache\logging\log4j\log4j-api\2.20.0\log4j-api-2.20.0.jar;C:\Users\MSI\.m2\repository\org\slf4j\jul-to-slf4j\2.0.9\jul-to-slf4j-2.0.9.jar;C:\Users\MSI\.m2\repository\jakarta\annotation\jakarta.annotation-api\2.1.1\jakarta.annotation-api-2.1.1.jar;C:\Users\MSI\.m2\repository\org\springframework\spring-core\6.0.12\spring-core-6.0.12.jar;C:\Users\MSI\.m2\repository\org\springframework\spring-jcl\6.0.12\spring-jcl-6.0.12.jar;C:\Users\MSI\.m2\repository\org\yaml\snakeyaml\1.33\snakeyaml-1.33.jar;C:\Users\MSI\.m2\repository\org\springframework\boot\spring-boot-starter-test\3.1.4\spring-boot-starter-test-3.1.4.jar;C:\Users\MSI\.m2\repository\org\springframework\boot\spring-boot-test\3.1.4\spring-boot-test-3.1.4.jar;C:\Users\MSI\.m2\repository\org\springframework\boot\spring-boot-test-autoconfigure\3.1.4\spring-boot-test-autoconfigure-3.1.4.jar;C:\Users\MSI\.m2\repository\com\jayway\jsonpath\json-path\2.8.0\json-path-2.8.0.jar;C:\Users\MSI\.m2\repository\jakarta\xml\bind\jakarta.xml.bind-api\4.0.1\jakarta.xml.bind-api-4.0.1.jar;C:\Users\MSI\.m2\repository\jakarta\activation\jakarta.activation-api\2.1.2\jakarta.activation-api-2.1.2.jar;C:\Users\MSI\.m2\repository\net\minidev\json-smart\2.4.11\json-smart-2.4.11.jar;C:\Users\MSI\.m2\repository\net\minidev\accessors-smart\2.4.11\accessors-smart-2.4.11.jar;C:\Users\MSI\.m2\repository\org\ow2\asm\asm\9.3\asm-9.3.jar;C:\Users\MSI\.m2\repository\org\assertj\assertj-core\3.24.2\assertj-core-3.24.2.jar;C:\Users\MSI\.m2\repository\net\bytebuddy\byte-buddy\1.14.8\byte-buddy-1.14.8.jar;C:\Users\MSI\.m2\repository\org\hamcrest\hamcrest\2.2\hamcrest-2.2.jar;C:\Users\MSI\.m2\repository\org\junit\jupiter\junit-jupiter\5.9.3\junit-jupiter-5.9.3.jar;C:\Users\MSI\.m2\repository\org\junit\jupiter\junit-jupiter-api\5.9.3\junit-jupiter-api-5.9.3.jar;C:\Users\MSI\.m2\repository\org\opentest4j\opentest4j\1.2.0\opentest4j-1.2.0.jar;C:\Users\MSI\.m2\repository\org\junit\platform\junit-platform-commons\1.9.3\junit-platform-commons-1.9.3.jar;C:\Users\MSI\.m2\repository\org\apiguardian\apiguardian-api\1.1.2\apiguardian-api-1.1.2.jar;C:\Users\MSI\.m2\repository\org\junit\jupiter\junit-jupiter-params\5.9.3\junit-jupiter-params-5.9.3.jar;C:\Users\MSI\.m2\repository\org\junit\jupiter\junit-jupiter-engine\5.9.3\junit-jupiter-engine-5.9.3.jar;C:\Users\MSI\.m2\repository\org\junit\platform\junit-platform-engine\1.9.3\junit-platform-engine-1.9.3.jar;C:\Users\MSI\.m2\repository\org\mockito\mockito-core\5.3.1\mockito-core-5.3.1.jar;C:\Users\MSI\.m2\repository\net\bytebuddy\byte-buddy-agent\1.14.8\byte-buddy-agent-1.14.8.jar;C:\Users\MSI\.m2\repository\org\objenesis\objenesis\3.3\objenesis-3.3.jar;C:\Users\MSI\.m2\repository\org\mockito\mockito-junit-jupiter\5.3.1\mockito-junit-jupiter-5.3.1.jar;C:\Users\MSI\.m2\repository\org\skyscreamer\jsonassert\1.5.1\jsonassert-1.5.1.jar;C:\Users\MSI\.m2\repository\com\vaadin\external\google\android-json\0.0.20131108.vaadin1\android-json-0.0.20131108.vaadin1.jar;C:\Users\MSI\.m2\repository\org\springframework\spring-test\6.0.12\spring-test-6.0.12.jar;C:\Users\MSI\.m2\repository\org\xmlunit\xmlunit-core\2.9.1\xmlunit-core-2.9.1.jar;C:\Users\MSI\.m2\repository\org\projectlombok\lombok\1.18.30\lombok-1.18.30.jar;C:\Users\MSI\.m2\repository\org\springframework\boot\spring-boot-starter-data-jpa\3.1.4\spring-boot-starter-data-jpa-3.1.4.jar;C:\Users\MSI\.m2\repository\org\springframework\boot\spring-boot-starter-aop\3.1.4\spring-boot-starter-aop-3.1.4.jar;C:\Users\MSI\.m2\repository\org\springframework\spring-aop\6.0.12\spring-aop-6.0.12.jar;C:\Users\MSI\.m2\repository\org\aspectj\aspectjweaver\1.9.20\aspectjweaver-1.9.20.jar;C:\Users\MSI\.m2\repository\org\springframework\boot\spring-boot-starter-jdbc\3.1.4\spring-boot-starter-jdbc-3.1.4.jar;C:\Users\MSI\.m2\repository\com\zaxxer\HikariCP\5.0.1\HikariCP-5.0.1.jar;C:\Users\MSI\.m2\repository\org\springframework\spring-jdbc\6.0.12\spring-jdbc-6.0.12.jar;C:\Users\MSI\.m2\repository\org\hibernate\orm\hibernate-core\6.2.9.Final\hibernate-core-6.2.9.Final.jar;C:\Users\MSI\.m2\repository\jakarta\persistence\jakarta.persistence-api\3.1.0\jakarta.persistence-api-3.1.0.jar;C:\Users\MSI\.m2\repository\jakarta\transaction\jakarta.transaction-api\2.0.1\jakarta.transaction-api-2.0.1.jar;C:\Users\MSI\.m2\repository\org\jboss\logging\jboss-logging\3.5.3.Final\jboss-logging-3.5.3.Final.jar;C:\Users\MSI\.m2\repository\org\hibernate\common\hibernate-commons-annotations\6.0.6.Final\hibernate-commons-annotations-6.0.6.Final.jar;C:\Users\MSI\.m2\repository\io\smallrye\jandex\3.0.5\jandex-3.0.5.jar;C:\Users\MSI\.m2\repository\com\fasterxml\classmate\1.5.1\classmate-1.5.1.jar;C:\Users\MSI\.m2\repository\org\glassfish\jaxb\jaxb-runtime\4.0.3\jaxb-runtime-4.0.3.jar;C:\Users\MSI\.m2\repository\org\glassfish\jaxb\jaxb-core\4.0.3\jaxb-core-4.0.3.jar;C:\Users\MSI\.m2\repository\org\eclipse\angus\angus-activation\2.0.1\angus-activation-2.0.1.jar;C:\Users\MSI\.m2\repository\org\glassfish\jaxb\txw2\4.0.3\txw2-4.0.3.jar;C:\Users\MSI\.m2\repository\com\sun\istack\istack-commons-runtime\4.1.2\istack-commons-runtime-4.1.2.jar;C:\Users\MSI\.m2\repository\org\antlr\antlr4-runtime\4.10.1\antlr4-runtime-4.10.1.jar;C:\Users\MSI\.m2\repository\org\springframework\data\spring-data-jpa\3.1.4\spring-data-jpa-3.1.4.jar;C:\Users\MSI\.m2\repository\org\springframework\data\spring-data-commons\3.1.4\spring-data-commons-3.1.4.jar;C:\Users\MSI\.m2\repository\org\springframework\spring-orm\6.0.12\spring-orm-6.0.12.jar;C:\Users\MSI\.m2\repository\org\springframework\spring-tx\6.0.12\spring-tx-6.0.12.jar;C:\Users\MSI\.m2\repository\org\springframework\spring-beans\6.0.12\spring-beans-6.0.12.jar;C:\Users\MSI\.m2\repository\org\springframework\spring-aspects\6.0.12\spring-aspects-6.0.12.jar;C:\Users\MSI\.m2\repository\mysql\mysql-connector-java\8.0.29\mysql-connector-java-8.0.29.jar;C:\Users\MSI\.m2\repository\com\google\protobuf\protobuf-java\3.19.4\protobuf-java-3.19.4.jar;C:\Users\MSI\.m2\repository\com\vdurmont\emoji-java\5.1.1\emoji-java-5.1.1.jar;C:\Users\MSI\.m2\repository\org\json\json\20170516\json-20170516.jar;C:\Users\MSI\.m2\repository\com\opencsv\opencsv\5.4\opencsv-5.4.jar;C:\Users\MSI\.m2\repository\org\apache\commons\commons-lang3\3.12.0\commons-lang3-3.12.0.jar;C:\Users\MSI\.m2\repository\org\apache\commons\commons-text\1.9\commons-text-1.9.jar;C:\Users\MSI\.m2\repository\commons-beanutils\commons-beanutils\1.9.4\commons-beanutils-1.9.4.jar;C:\Users\MSI\.m2\repository\commons-collections\commons-collections\3.2.2\commons-collections-3.2.2.jar;C:\Users\MSI\.m2\repository\org\apache\commons\commons-collections4\4.4\commons-collections4-4.4.jar;C:\Users\MSI\.m2\repository\commons-validator\commons-validator\1.3.1\commons-validator-1.3.1.jar;C:\Users\MSI\.m2\repository\commons-digester\commons-digester\1.6\commons-digester-1.6.jar;C:\Users\MSI\.m2\repository\xml-apis\xml-apis\1.0.b2\xml-apis-1.0.b2.jar;C:\Users\MSI\.m2\repository\commons-logging\commons-logging\1.0.4\commons-logging-1.0.4.jar;C:\Users\MSI\.m2\repository\oro\oro\2.0.8\oro-2.0.8.jar;"/>
    <property name="java.vm.vendor" value="Amazon.com Inc."/>
    <property name="sun.arch.data.model" value="64"/>
    <property name="user.variant" value=""/>
    <property name="java.vendor.url" value="https://aws.amazon.com/corretto/"/>
    <property name="user.timezone" value="Europe/Kiev"/>
    <property name="org.jboss.logging.provider" value="slf4j"/>
    <property name="os.name" value="Windows 11"/>
    <property name="java.vm.specification.version" value="17"/>
    <property name="sun.java.launcher" value="SUN_STANDARD"/>
    <property name="user.country" value="UA"/>
    <property name="sun.boot.library.path" value="C:\Users\MSI\.jdks\corretto-17.0.8.1\bin"/>
    <property name="sun.java.command" value="C:\Users\MSI\AppData\Local\Temp\surefire6150612328011248423\surefirebooter-20231222124529127_3.jar C:\Users\MSI\AppData\Local\Temp\surefire6150612328011248423 2023-12-22T12-45-29_034-jvmRun1 surefire-20231222124529127_1tmp surefire_0-20231222124529127_2tmp"/>
    <property name="jdk.debug" value="release"/>
    <property name="surefire.test.class.path" value="A:\java_lesson\джава про\лекція 15 (29.08)\TelegramBot\target\test-classes;A:\java_lesson\джава про\лекція 15 (29.08)\TelegramBot\target\classes;C:\Users\MSI\.m2\repository\org\telegram\telegrambots\6.4.0\telegrambots-6.4.0.jar;C:\Users\MSI\.m2\repository\org\telegram\telegrambots-meta\6.4.0\telegrambots-meta-6.4.0.jar;C:\Users\MSI\.m2\repository\com\google\guava\guava\31.1-jre\guava-31.1-jre.jar;C:\Users\MSI\.m2\repository\com\google\guava\failureaccess\1.0.1\failureaccess-1.0.1.jar;C:\Users\MSI\.m2\repository\com\google\guava\listenablefuture\9999.0-empty-to-avoid-conflict-with-guava\listenablefuture-9999.0-empty-to-avoid-conflict-with-guava.jar;C:\Users\MSI\.m2\repository\com\google\code\findbugs\jsr305\3.0.2\jsr305-3.0.2.jar;C:\Users\MSI\.m2\repository\org\checkerframework\checker-qual\3.12.0\checker-qual-3.12.0.jar;C:\Users\MSI\.m2\repository\com\google\errorprone\error_prone_annotations\2.11.0\error_prone_annotations-2.11.0.jar;C:\Users\MSI\.m2\repository\com\google\j2objc\j2objc-annotations\1.3\j2objc-annotations-1.3.jar;C:\Users\MSI\.m2\repository\com\fasterxml\jackson\core\jackson-annotations\2.15.2\jackson-annotations-2.15.2.jar;C:\Users\MSI\.m2\repository\com\fasterxml\jackson\jaxrs\jackson-jaxrs-json-provider\2.15.2\jackson-jaxrs-json-provider-2.15.2.jar;C:\Users\MSI\.m2\repository\com\fasterxml\jackson\jaxrs\jackson-jaxrs-base\2.15.2\jackson-jaxrs-base-2.15.2.jar;C:\Users\MSI\.m2\repository\com\fasterxml\jackson\module\jackson-module-jaxb-annotations\2.15.2\jackson-module-jaxb-annotations-2.15.2.jar;C:\Users\MSI\.m2\repository\com\fasterxml\jackson\core\jackson-core\2.15.2\jackson-core-2.15.2.jar;C:\Users\MSI\.m2\repository\com\fasterxml\jackson\core\jackson-databind\2.15.2\jackson-databind-2.15.2.jar;C:\Users\MSI\.m2\repository\org\glassfish\jersey\inject\jersey-hk2\3.1.3\jersey-hk2-3.1.3.jar;C:\Users\MSI\.m2\repository\org\glassfish\jersey\core\jersey-common\3.1.3\jersey-common-3.1.3.jar;C:\Users\MSI\.m2\repository\org\glassfish\hk2\osgi-resource-locator\1.0.3\osgi-resource-locator-1.0.3.jar;C:\Users\MSI\.m2\repository\org\glassfish\hk2\hk2-locator\3.0.4\hk2-locator-3.0.4.jar;C:\Users\MSI\.m2\repository\org\glassfish\hk2\external\aopalliance-repackaged\3.0.4\aopalliance-repackaged-3.0.4.jar;C:\Users\MSI\.m2\repository\org\glassfish\hk2\hk2-api\3.0.4\hk2-api-3.0.4.jar;C:\Users\MSI\.m2\repository\org\glassfish\hk2\hk2-utils\3.0.4\hk2-utils-3.0.4.jar;C:\Users\MSI\.m2\repository\org\javassist\javassist\3.29.2-GA\javassist-3.29.2-GA.jar;C:\Users\MSI\.m2\repository\org\glassfish\jersey\media\jersey-media-json-jackson\3.1.3\jersey-media-json-jackson-3.1.3.jar;C:\Users\MSI\.m2\repository\org\glassfish\jersey\ext\jersey-entity-filtering\3.1.3\jersey-entity-filtering-3.1.3.jar;C:\Users\MSI\.m2\repository\com\fasterxml\jackson\module\jackson-module-jakarta-xmlbind-annotations\2.15.2\jackson-module-jakarta-xmlbind-annotations-2.15.2.jar;C:\Users\MSI\.m2\repository\org\glassfish\jersey\containers\jersey-container-grizzly2-http\3.1.3\jersey-container-grizzly2-http-3.1.3.jar;C:\Users\MSI\.m2\repository\jakarta\inject\jakarta.inject-api\2.0.1\jakarta.inject-api-2.0.1.jar;C:\Users\MSI\.m2\repository\org\glassfish\grizzly\grizzly-http-server\4.0.0\grizzly-http-server-4.0.0.jar;C:\Users\MSI\.m2\repository\org\glassfish\grizzly\grizzly-http\4.0.0\grizzly-http-4.0.0.jar;C:\Users\MSI\.m2\repository\org\glassfish\grizzly\grizzly-framework\4.0.0\grizzly-framework-4.0.0.jar;C:\Users\MSI\.m2\repository\jakarta\ws\rs\jakarta.ws.rs-api\3.1.0\jakarta.ws.rs-api-3.1.0.jar;C:\Users\MSI\.m2\repository\org\glassfish\jersey\core\jersey-server\3.1.3\jersey-server-3.1.3.jar;C:\Users\MSI\.m2\repository\org\glassfish\jersey\core\jersey-client\3.1.3\jersey-client-3.1.3.jar;C:\Users\MSI\.m2\repository\jakarta\validation\jakarta.validation-api\3.0.2\jakarta.validation-api-3.0.2.jar;C:\Users\MSI\.m2\repository\org\apache\httpcomponents\httpclient\4.5.13\httpclient-4.5.13.jar;C:\Users\MSI\.m2\repository\org\apache\httpcomponents\httpcore\4.4.16\httpcore-4.4.16.jar;C:\Users\MSI\.m2\repository\commons-codec\commons-codec\1.15\commons-codec-1.15.jar;C:\Users\MSI\.m2\repository\org\apache\httpcomponents\httpmime\4.5.13\httpmime-4.5.13.jar;C:\Users\MSI\.m2\repository\commons-io\commons-io\2.11.0\commons-io-2.11.0.jar;C:\Users\MSI\.m2\repository\org\slf4j\slf4j-api\2.0.9\slf4j-api-2.0.9.jar;C:\Users\MSI\.m2\repository\org\springframework\boot\spring-boot-starter\3.1.4\spring-boot-starter-3.1.4.jar;C:\Users\MSI\.m2\repository\org\springframework\boot\spring-boot\3.1.4\spring-boot-3.1.4.jar;C:\Users\MSI\.m2\repository\org\springframework\spring-context\6.0.12\spring-context-6.0.12.jar;C:\Users\MSI\.m2\repository\org\springframework\spring-expression\6.0.12\spring-expression-6.0.12.jar;C:\Users\MSI\.m2\repository\org\springframework\boot\spring-boot-autoconfigure\3.1.4\spring-boot-autoconfigure-3.1.4.jar;C:\Users\MSI\.m2\repository\org\springframework\boot\spring-boot-starter-logging\3.1.4\spring-boot-starter-logging-3.1.4.jar;C:\Users\MSI\.m2\repository\ch\qos\logback\logback-classic\1.4.11\logback-classic-1.4.11.jar;C:\Users\MSI\.m2\repository\ch\qos\logback\logback-core\1.4.11\logback-core-1.4.11.jar;C:\Users\MSI\.m2\repository\org\apache\logging\log4j\log4j-to-slf4j\2.20.0\log4j-to-slf4j-2.20.0.jar;C:\Users\MSI\.m2\repository\org\apache\logging\log4j\log4j-api\2.20.0\log4j-api-2.20.0.jar;C:\Users\MSI\.m2\repository\org\slf4j\jul-to-slf4j\2.0.9\jul-to-slf4j-2.0.9.jar;C:\Users\MSI\.m2\repository\jakarta\annotation\jakarta.annotation-api\2.1.1\jakarta.annotation-api-2.1.1.jar;C:\Users\MSI\.m2\repository\org\springframework\spring-core\6.0.12\spring-core-6.0.12.jar;C:\Users\MSI\.m2\repository\org\springframework\spring-jcl\6.0.12\spring-jcl-6.0.12.jar;C:\Users\MSI\.m2\repository\org\yaml\snakeyaml\1.33\snakeyaml-1.33.jar;C:\Users\MSI\.m2\repository\org\springframework\boot\spring-boot-starter-test\3.1.4\spring-boot-starter-test-3.1.4.jar;C:\Users\MSI\.m2\repository\org\springframework\boot\spring-boot-test\3.1.4\spring-boot-test-3.1.4.jar;C:\Users\MSI\.m2\repository\org\springframework\boot\spring-boot-test-autoconfigure\3.1.4\spring-boot-test-autoconfigure-3.1.4.jar;C:\Users\MSI\.m2\repository\com\jayway\jsonpath\json-path\2.8.0\json-path-2.8.0.jar;C:\Users\MSI\.m2\repository\jakarta\xml\bind\jakarta.xml.bind-api\4.0.1\jakarta.xml.bind-api-4.0.1.jar;C:\Users\MSI\.m2\repository\jakarta\activation\jakarta.activation-api\2.1.2\jakarta.activation-api-2.1.2.jar;C:\Users\MSI\.m2\repository\net\minidev\json-smart\2.4.11\json-smart-2.4.11.jar;C:\Users\MSI\.m2\repository\net\minidev\accessors-smart\2.4.11\accessors-smart-2.4.11.jar;C:\Users\MSI\.m2\repository\org\ow2\asm\asm\9.3\asm-9.3.jar;C:\Users\MSI\.m2\repository\org\assertj\assertj-core\3.24.2\assertj-core-3.24.2.jar;C:\Users\MSI\.m2\repository\net\bytebuddy\byte-buddy\1.14.8\byte-buddy-1.14.8.jar;C:\Users\MSI\.m2\repository\org\hamcrest\hamcrest\2.2\hamcrest-2.2.jar;C:\Users\MSI\.m2\repository\org\junit\jupiter\junit-jupiter\5.9.3\junit-jupiter-5.9.3.jar;C:\Users\MSI\.m2\repository\org\junit\jupiter\junit-jupiter-api\5.9.3\junit-jupiter-api-5.9.3.jar;C:\Users\MSI\.m2\repository\org\opentest4j\opentest4j\1.2.0\opentest4j-1.2.0.jar;C:\Users\MSI\.m2\repository\org\junit\platform\junit-platform-commons\1.9.3\junit-platform-commons-1.9.3.jar;C:\Users\MSI\.m2\repository\org\apiguardian\apiguardian-api\1.1.2\apiguardian-api-1.1.2.jar;C:\Users\MSI\.m2\repository\org\junit\jupiter\junit-jupiter-params\5.9.3\junit-jupiter-params-5.9.3.jar;C:\Users\MSI\.m2\repository\org\junit\jupiter\junit-jupiter-engine\5.9.3\junit-jupiter-engine-5.9.3.jar;C:\Users\MSI\.m2\repository\org\junit\platform\junit-platform-engine\1.9.3\junit-platform-engine-1.9.3.jar;C:\Users\MSI\.m2\repository\org\mockito\mockito-core\5.3.1\mockito-core-5.3.1.jar;C:\Users\MSI\.m2\repository\net\bytebuddy\byte-buddy-agent\1.14.8\byte-buddy-agent-1.14.8.jar;C:\Users\MSI\.m2\repository\org\objenesis\objenesis\3.3\objenesis-3.3.jar;C:\Users\MSI\.m2\repository\org\mockito\mockito-junit-jupiter\5.3.1\mockito-junit-jupiter-5.3.1.jar;C:\Users\MSI\.m2\repository\org\skyscreamer\jsonassert\1.5.1\jsonassert-1.5.1.jar;C:\Users\MSI\.m2\repository\com\vaadin\external\google\android-json\0.0.20131108.vaadin1\android-json-0.0.20131108.vaadin1.jar;C:\Users\MSI\.m2\repository\org\springframework\spring-test\6.0.12\spring-test-6.0.12.jar;C:\Users\MSI\.m2\repository\org\xmlunit\xmlunit-core\2.9.1\xmlunit-core-2.9.1.jar;C:\Users\MSI\.m2\repository\org\projectlombok\lombok\1.18.30\lombok-1.18.30.jar;C:\Users\MSI\.m2\repository\org\springframework\boot\spring-boot-starter-data-jpa\3.1.4\spring-boot-starter-data-jpa-3.1.4.jar;C:\Users\MSI\.m2\repository\org\springframework\boot\spring-boot-starter-aop\3.1.4\spring-boot-starter-aop-3.1.4.jar;C:\Users\MSI\.m2\repository\org\springframework\spring-aop\6.0.12\spring-aop-6.0.12.jar;C:\Users\MSI\.m2\repository\org\aspectj\aspectjweaver\1.9.20\aspectjweaver-1.9.20.jar;C:\Users\MSI\.m2\repository\org\springframework\boot\spring-boot-starter-jdbc\3.1.4\spring-boot-starter-jdbc-3.1.4.jar;C:\Users\MSI\.m2\repository\com\zaxxer\HikariCP\5.0.1\HikariCP-5.0.1.jar;C:\Users\MSI\.m2\repository\org\springframework\spring-jdbc\6.0.12\spring-jdbc-6.0.12.jar;C:\Users\MSI\.m2\repository\org\hibernate\orm\hibernate-core\6.2.9.Final\hibernate-core-6.2.9.Final.jar;C:\Users\MSI\.m2\repository\jakarta\persistence\jakarta.persistence-api\3.1.0\jakarta.persistence-api-3.1.0.jar;C:\Users\MSI\.m2\repository\jakarta\transaction\jakarta.transaction-api\2.0.1\jakarta.transaction-api-2.0.1.jar;C:\Users\MSI\.m2\repository\org\jboss\logging\jboss-logging\3.5.3.Final\jboss-logging-3.5.3.Final.jar;C:\Users\MSI\.m2\repository\org\hibernate\common\hibernate-commons-annotations\6.0.6.Final\hibernate-commons-annotations-6.0.6.Final.jar;C:\Users\MSI\.m2\repository\io\smallrye\jandex\3.0.5\jandex-3.0.5.jar;C:\Users\MSI\.m2\repository\com\fasterxml\classmate\1.5.1\classmate-1.5.1.jar;C:\Users\MSI\.m2\repository\org\glassfish\jaxb\jaxb-runtime\4.0.3\jaxb-runtime-4.0.3.jar;C:\Users\MSI\.m2\repository\org\glassfish\jaxb\jaxb-core\4.0.3\jaxb-core-4.0.3.jar;C:\Users\MSI\.m2\repository\org\eclipse\angus\angus-activation\2.0.1\angus-activation-2.0.1.jar;C:\Users\MSI\.m2\repository\org\glassfish\jaxb\txw2\4.0.3\txw2-4.0.3.jar;C:\Users\MSI\.m2\repository\com\sun\istack\istack-commons-runtime\4.1.2\istack-commons-runtime-4.1.2.jar;C:\Users\MSI\.m2\repository\org\antlr\antlr4-runtime\4.10.1\antlr4-runtime-4.10.1.jar;C:\Users\MSI\.m2\repository\org\springframework\data\spring-data-jpa\3.1.4\spring-data-jpa-3.1.4.jar;C:\Users\MSI\.m2\repository\org\springframework\data\spring-data-commons\3.1.4\spring-data-commons-3.1.4.jar;C:\Users\MSI\.m2\repository\org\springframework\spring-orm\6.0.12\spring-orm-6.0.12.jar;C:\Users\MSI\.m2\repository\org\springframework\spring-tx\6.0.12\spring-tx-6.0.12.jar;C:\Users\MSI\.m2\repository\org\springframework\spring-beans\6.0.12\spring-beans-6.0.12.jar;C:\Users\MSI\.m2\repository\org\springframework\spring-aspects\6.0.12\spring-aspects-6.0.12.jar;C:\Users\MSI\.m2\repository\mysql\mysql-connector-java\8.0.29\mysql-connector-java-8.0.29.jar;C:\Users\MSI\.m2\repository\com\google\protobuf\protobuf-java\3.19.4\protobuf-java-3.19.4.jar;C:\Users\MSI\.m2\repository\com\vdurmont\emoji-java\5.1.1\emoji-java-5.1.1.jar;C:\Users\MSI\.m2\repository\org\json\json\20170516\json-20170516.jar;C:\Users\MSI\.m2\repository\com\opencsv\opencsv\5.4\opencsv-5.4.jar;C:\Users\MSI\.m2\repository\org\apache\commons\commons-lang3\3.12.0\commons-lang3-3.12.0.jar;C:\Users\MSI\.m2\repository\org\apache\commons\commons-text\1.9\commons-text-1.9.jar;C:\Users\MSI\.m2\repository\commons-beanutils\commons-beanutils\1.9.4\commons-beanutils-1.9.4.jar;C:\Users\MSI\.m2\repository\commons-collections\commons-collections\3.2.2\commons-collections-3.2.2.jar;C:\Users\MSI\.m2\repository\org\apache\commons\commons-collections4\4.4\commons-collections4-4.4.jar;C:\Users\MSI\.m2\repository\commons-validator\commons-validator\1.3.1\commons-validator-1.3.1.jar;C:\Users\MSI\.m2\repository\commons-digester\commons-digester\1.6\commons-digester-1.6.jar;C:\Users\MSI\.m2\repository\xml-apis\xml-apis\1.0.b2\xml-apis-1.0.b2.jar;C:\Users\MSI\.m2\repository\commons-logging\commons-logging\1.0.4\commons-logging-1.0.4.jar;C:\Users\MSI\.m2\repository\oro\oro\2.0.8\oro-2.0.8.jar;"/>
    <property name="sun.cpu.endian" value="little"/>
    <property name="user.home" value="C:\Users\MSI"/>
    <property name="user.language" value="uk"/>
    <property name="java.specification.vendor" value="Oracle Corporation"/>
    <property name="java.version.date" value="2023-08-22"/>
    <property name="java.home" value="C:\Users\MSI\.jdks\corretto-17.0.8.1"/>
    <property name="file.separator" value="\"/>
    <property name="basedir" value="A:\java_lesson\джава про\лекція 15 (29.08)\TelegramBot"/>
    <property name="java.vm.compressedOopsMode" value="Zero based"/>
    <property name="line.separator" value="&#10;"/>
    <property name="java.vm.specification.vendor" value="Oracle Corporation"/>
    <property name="java.specification.name" value="Java Platform API Specification"/>
    <property name="FILE_LOG_CHARSET" value="windows-1251"/>
    <property name="java.awt.headless" value="true"/>
    <property name="surefire.real.class.path" value="C:\Users\MSI\AppData\Local\Temp\surefire6150612328011248423\surefirebooter-20231222124529127_3.jar"/>
    <property name="user.script" value=""/>
    <property name="sun.management.compiler" value="HotSpot 64-Bit Tiered Compilers"/>
    <property name="java.runtime.version" value="17.0.8.1+8-LTS"/>
    <property name="user.name" value="MSI"/>
    <property name="path.separator" value=";"/>
    <property name="os.version" value="10.0"/>
    <property name="java.runtime.name" value="OpenJDK Runtime Environment"/>
    <property name="file.encoding" value="Cp1251"/>
    <property name="java.vm.name" value="OpenJDK 64-Bit Server VM"/>
    <property name="java.vendor.version" value="Corretto-17.0.8.8.1"/>
    <property name="localRepository" value="C:\Users\MSI\.m2\repository"/>
    <property name="java.vendor.url.bug" value="https://github.com/corretto/corretto-17/issues/"/>
    <property name="java.io.tmpdir" value="C:\Users\MSI\AppData\Local\Temp\"/>
    <property name="idea.version" value="2023.2.1"/>
    <property name="com.zaxxer.hikari.pool_number" value="1"/>
    <property name="java.version" value="17.0.8.1"/>
    <property name="user.dir" value="A:\java_lesson\джава про\лекція 15 (29.08)\TelegramBot"/>
    <property name="os.arch" value="amd64"/>
    <property name="java.vm.specification.name" value="Java Virtual Machine Specification"/>
    <property name="PID" value="10088"/>
    <property name="sun.os.patch.level" value=""/>
    <property name="CONSOLE_LOG_CHARSET" value="windows-1251"/>
    <property name="native.encoding" value="Cp1251"/>
    <property name="java.library.path" value="C:\Users\MSI\.jdks\corretto-17.0.8.1\bin;C:\WINDOWS\Sun\Java\bin;C:\WINDOWS\system32;C:\WINDOWS;C:\WINDOWS\system32;C:\WINDOWS;C:\WINDOWS\System32\Wbem;C:\WINDOWS\System32\WindowsPowerShell\v1.0\;C:\WINDOWS\System32\OpenSSH\;C:\Program Files\dotnet\;C:\Program Files\Git\cmd;C:\Program Files\MySQL\MySQL Shell 8.0\bin\;C:\Users\MSI\AppData\Local\Microsoft\WindowsApps;;."/>
    <property name="java.vm.info" value="mixed mode, sharing"/>
    <property name="java.vendor" value="Amazon.com Inc."/>
    <property name="java.vm.version" value="17.0.8.1+8-LTS"/>
    <property name="sun.io.unicode.encoding" value="UnicodeLittle"/>
    <property name="java.class.version" value="61.0"/>
  </properties>
  <testcase name="contextLoads" classname="com.example.telegrambot.TelegramBotApplicationTests" time="0.314">
    <system-out><![CDATA[
  .   ____          _            __ _ _
 /\\ / ___'_ __ _ _(_)_ __  __ _ \ \ \ \
( ( )\___ | '_ | '_| | '_ \/ _` | \ \ \ \
 \\/  ___)| |_)| | | | | || (_| |  ) ) ) )
  '  |____| .__|_| |_|_| |_\__, | / / / /
 =========|_|==============|___/=/_/_/_/
 :: Spring Boot ::                (v3.1.4)

Hibernate: 
    alter table schedule 
       drop 
       foreign key FKe7n46ean4msfykosu0f8sl8b8
Hibernate: 
    alter table schedule 
       drop 
       foreign key FKeilhvp4yl5cve2lixj87bu5t5
Hibernate: 
    alter table schedule 
       drop 
       foreign key FKof1t073hsxioayk2covxfe8um
Hibernate: 
    alter table schedule_replacement 
       drop 
       foreign key FK6uovl785dsbg32ax9tpub97s1
Hibernate: 
    alter table schedule_replacement 
       drop 
       foreign key FKjmnmetumbvt6kbmh56256lmhb
Hibernate: 
    alter table schedule_replacement 
       drop 
       foreign key FKm852ay5f86j40rxdua2yxcp85
Hibernate: 
    alter table users 
       drop 
       foreign key FKrh97ri80311vw4bf8tw4g7b1c
Hibernate: 
    drop table if exists discipline
Hibernate: 
    drop table if exists discipline_replacement
Hibernate: 
    drop table if exists group_replacement
Hibernate: 
    drop table if exists groupa
Hibernate: 
    drop table if exists schedule
Hibernate: 
    drop table if exists schedule_replacement
Hibernate: 
    drop table if exists teacher
Hibernate: 
    drop table if exists teacher_replacement
Hibernate: 
    drop table if exists users
Hibernate: 
    drop table if exists users_seq
Hibernate: 
    create table discipline (
        id bigint not null auto_increment,
        lecture varchar(255),
        primary key (id)
    ) engine=InnoDB
Hibernate: 
    create table discipline_replacement (
        id bigint not null auto_increment,
        lecture_replacement varchar(255),
        primary key (id)
    ) engine=InnoDB
Hibernate: 
    create table group_replacement (
        id bigint not null auto_increment,
        group_name_replacement TEXT,
        primary key (id)
    ) engine=InnoDB
Hibernate: 
    create table groupa (
        id bigint not null auto_increment,
        group_name TEXT,
        primary key (id)
    ) engine=InnoDB
Hibernate: 
    create table schedule (
        discipline_id bigint,
        group_id bigint,
        id bigint not null auto_increment,
        teacher_id bigint,
        primary key (id)
    ) engine=InnoDB
Hibernate: 
    create table schedule_replacement (
        discipline_replacement_id bigint,
        group_replacement_id bigint,
        id bigint not null auto_increment,
        teacher_replacement_id bigint,
        primary key (id)
    ) engine=InnoDB
Hibernate: 
    create table teacher (
        id bigint not null auto_increment,
        name_teacher TEXT,
        primary key (id)
    ) engine=InnoDB
Hibernate: 
    create table teacher_replacement (
        id bigint not null auto_increment,
        name_teacher_replacement TEXT,
        primary key (id)
    ) engine=InnoDB
Hibernate: 
    create table users (
        admin bit,
        chat_id bigint,
        groupss_id bigint,
        id bigint not null,
        keyboard_markup varbinary(255),
        primary key (id)
    ) engine=InnoDB
Hibernate: 
    create table users_seq (
        next_val bigint
    ) engine=InnoDB
Hibernate: 
    insert into users_seq values ( 1 )
Hibernate: 
    alter table schedule 
       add constraint FKe7n46ean4msfykosu0f8sl8b8 
       foreign key (discipline_id) 
       references discipline (id)
Hibernate: 
    alter table schedule 
       add constraint FKeilhvp4yl5cve2lixj87bu5t5 
       foreign key (group_id) 
       references groupa (id)
Hibernate: 
    alter table schedule 
       add constraint FKof1t073hsxioayk2covxfe8um 
       foreign key (teacher_id) 
       references teacher (id)
Hibernate: 
    alter table schedule_replacement 
       add constraint FK6uovl785dsbg32ax9tpub97s1 
       foreign key (discipline_replacement_id) 
       references discipline_replacement (id)
Hibernate: 
    alter table schedule_replacement 
       add constraint FKjmnmetumbvt6kbmh56256lmhb 
       foreign key (group_replacement_id) 
       references group_replacement (id)
Hibernate: 
    alter table schedule_replacement 
       add constraint FKm852ay5f86j40rxdua2yxcp85 
       foreign key (teacher_replacement_id) 
       references teacher_replacement (id)
Hibernate: 
    alter table users 
       add constraint FKrh97ri80311vw4bf8tw4g7b1c 
       foreign key (groupss_id) 
       references groupa (id)
]]></system-out>
  </testcase>
</testsuite>